C51 COMPILER V9.60.7.0   DHT11                                                             06/12/2026 20:07:21 PAGE 1   


C51 COMPILER V9.60.7.0, COMPILATION OF MODULE DHT11
OBJECT MODULE PLACED IN .\Objects\dht11.obj
COMPILER INVOKED BY: C:\Keil_v5\C51\BIN\C51.EXE dht11.c OPTIMIZE(8,SPEED) BROWSE DEBUG OBJECTEXTEND PRINT(.\Listings\dht
                    -11.lst) TABS(2) OBJECT(.\Objects\dht11.obj)

line level    source

   1          #include "dht11.h"
   2          unsigned int dem_nhiet_do = 0;
   3          unsigned char I_RH, D_RH, I_Temp, D_Temp, CheckSum;
   4          bit dht_ready = 0;
   5          void Delay_10us() {
   6   1          _nop_(); _nop_(); _nop_(); _nop_(); _nop_(); 
   7   1          _nop_(); _nop_(); _nop_(); _nop_(); _nop_();
   8   1      }
   9          void delay_request() {
  10   1          unsigned int i;
  11   1          for(i=0; i<12000; i++); 
  12   1      }
  13          void delay_ms(unsigned int ms) { 
  14   1          unsigned int i, j;
  15   1          for (i = 0; i < ms; i++)
  16   1              for (j = 0; j < 114; j++); 
  17   1      }
  18          void Request() { 
  19   1          DHT11 = 0;
  20   1          delay_ms(20); 
  21   1          DHT11 = 1; 
  22   1      }
  23          
  24          unsigned char Response() {
  25   1          unsigned int timeout = 0;
  26   1          while (DHT11 == 1) { if (++timeout > 2000) return 0; } timeout = 0; 
  27   1          while (DHT11 == 0) { if (++timeout > 2000) return 0; } timeout = 0;
  28   1          while (DHT11 == 1) { if (++timeout > 2000) return 0; } 
  29   1          return 1;
  30   1      }
  31          unsigned char Read_Byte() {
  32   1          unsigned char i, dat = 0;
  33   1          unsigned int timeout;
  34   1          for (i = 0; i < 8; i++) {
  35   2              timeout = 0;
  36   2              while (DHT11 == 0) { if (++timeout > 2000) return 0; } 
  37   2              Delay_10us(); Delay_10us(); Delay_10us(); Delay_10us();
  38   2              if (DHT11 == 1) {
  39   3                  dat |= (1 << (7 - i));
  40   3                  timeout = 0;
  41   3                  while (DHT11 == 1) { if (++timeout > 2000) return 0; } 
  42   3              }
  43   2          }
  44   1          return dat;
  45   1      }
  46          void Read_DHT11() {
  47   1          unsigned char tong_byte;
  48   1          EA = 0; 
  49   1          Request();
  50   1          if (Response()) {
  51   2              I_RH = Read_Byte(); 
  52   2              D_RH = Read_Byte(); 
  53   2              I_Temp = Read_Byte(); 
  54   2              D_Temp = Read_Byte(); 
C51 COMPILER V9.60.7.0   DHT11                                                             06/12/2026 20:07:21 PAGE 2   

  55   2              CheckSum = Read_Byte();
  56   2              
  57   2             
  58   2              tong_byte = I_RH + D_RH + I_Temp + D_Temp;
  59   2              
  60   2            
  61   2              if (tong_byte == CheckSum) {
  62   3                  dht_ready = 1; 
  63   3              } else {
  64   3                  
  65   3                  dht_ready = 0; 
  66   3              }
  67   2          } else {
  68   2              dht_ready = 0; 
  69   2              I_Temp = 0; 
  70   2              D_Temp = 0;
  71   2          }
  72   1          EA = 1;
  73   1      }


MODULE INFORMATION:   STATIC OVERLAYABLE
   CODE SIZE        =    288    ----
   CONSTANT SIZE    =   ----    ----
   XDATA SIZE       =   ----    ----
   PDATA SIZE       =   ----    ----
   DATA SIZE        =      7    ----
   IDATA SIZE       =   ----    ----
   BIT SIZE         =      1    ----
END OF MODULE INFORMATION.


C51 COMPILATION COMPLETE.  0 WARNING(S),  0 ERROR(S)
